0 info it worked if it ends with ok
1 verbose cli [ 'E:\\Program Files\\nodejs\\node.exe',
1 verbose cli   'E:\\Program Files\\nodejs\\node_modules\\npm\\bin\\npm-cli.js',
1 verbose cli   'run',
1 verbose cli   'dev' ]
2 info using npm@3.10.10
3 info using node@v6.9.5
4 verbose run-script [ 'predev', 'dev', 'postdev' ]
5 info lifecycle deskmark@1.0.0~predev: deskmark@1.0.0
6 silly lifecycle deskmark@1.0.0~predev: no script for predev, continuing
7 info lifecycle deskmark@1.0.0~dev: deskmark@1.0.0
8 verbose lifecycle deskmark@1.0.0~dev: unsafe-perm in lifecycle true
9 verbose lifecycle deskmark@1.0.0~dev: PATH: E:\Program Files\nodejs\node_modules\npm\bin\node-gyp-bin;D:\Deskmark\node_modules\.bin;C:\WINDOWS\system32;C:\WINDOWS;C:\WINDOWS\System32\Wbem;C:\WINDOWS\System32\WindowsPowerShell\v1.0\;E:\Program Files\nodejs\;C:\Program Files (x86)\Git\bin\;C:\Program Files (x86)\Git\libexec\git-core\;C:\Program Files\nodejs\node_global\node_modules;C:\Users\Administrator\AppData\Local\Microsoft\WindowsApps;C:\Users\Administrator\AppData\Roaming\npm;E:\Program Files (x86)\Microsoft VS Code\bin
10 verbose lifecycle deskmark@1.0.0~dev: CWD: D:\Deskmark
11 silly lifecycle deskmark@1.0.0~dev: Args: [ '/d /s /c', 'webpack-dev-server --hot --host 10.1.10.15' ]
12 verbose stack Error: kill ENOSYS
12 verbose stack     at exports._errnoException (util.js:1022:11)
12 verbose stack     at process.kill (internal/process.js:172:13)
12 verbose stack     at process.listener (E:\Program Files\nodejs\node_modules\npm\node_modules\npmlog\node_modules\gauge\node_modules\signal-exit\index.js:86:15)
12 verbose stack     at emitNone (events.js:91:20)
12 verbose stack     at process.emit (events.js:185:7)
12 verbose stack     at processEmit (E:\Program Files\nodejs\node_modules\npm\node_modules\npmlog\node_modules\gauge\node_modules\signal-exit\index.js:146:32)
12 verbose stack     at processEmit (E:\Program Files\nodejs\node_modules\npm\node_modules\npm-registry-client\node_modules\npmlog\node_modules\gauge\node_modules\signal-exit\index.js:146:32)
12 verbose stack     at Signal.wrap.onsignal (internal/process.js:199:44)
13 verbose cwd D:\Deskmark
14 error Windows_NT 10.0.14393
15 error argv "E:\\Program Files\\nodejs\\node.exe" "E:\\Program Files\\nodejs\\node_modules\\npm\\bin\\npm-cli.js" "run" "dev"
16 error node v6.9.5
17 error npm  v3.10.10
18 error code ENOSYS
19 error errno ENOSYS
20 error syscall kill
21 error kill ENOSYS
22 error If you need help, you may report this error at:
22 error     <https://github.com/npm/npm/issues>
23 verbose exit [ 1, true ]
